Flow report for Led_1
Sat Jun 29 01:06:15 2024
Quartus Prime Version 18.1.0 Build 625 09/12/2018 SJ Lite Edition


---------------------
; Table of Contents ;
---------------------
  1. Legal Notice
  2. Flow Summary
  3. Flow Settings
  4. Flow Non-Default Global Settings
  5. Flow Elapsed Time
  6. Flow OS Summary
  7. Flow Log
  8. Flow Messages
  9. Flow Suppressed Messages



----------------
; Legal Notice ;
----------------
Copyright (C) 2018  Intel Corporation. All rights reserved.
Your use of Intel Corporation's design tools, logic functions 
and other software and tools, and its AMPP partner logic 
functions, and any output files from any of the foregoing 
(including device programming or simulation files), and any 
associated documentation or information are expressly subject 
to the terms and conditions of the Intel Program License 
Subscription Agreement, the Intel Quartus Prime License Agreement,
the Intel FPGA IP License Agreement, or other applicable license
agreement, including, without limitation, that your use is for
the sole purpose of programming logic devices manufactured by
Intel and sold by Intel or its authorized distributors.  Please
refer to the applicable agreement for further details.



+----------------------------------------------------------------------------------+
; Flow Summary                                                                     ;
+------------------------------------+---------------------------------------------+
; Flow Status                        ; Successful - Sat Jun 29 01:06:11 2024       ;
; Quartus Prime Version              ; 18.1.0 Build 625 09/12/2018 SJ Lite Edition ;
; Revision Name                      ; Led_1                                       ;
; Top-level Entity Name              ; Led_1                                       ;
; Family                             ; MAX 10                                      ;
; Device                             ; 10M04SAE144C8G                              ;
; Timing Models                      ; Final                                       ;
; Total logic elements               ; 35 / 4,032 ( < 1 % )                        ;
;     Total combinational functions  ; 35 / 4,032 ( < 1 % )                        ;
;     Dedicated logic registers      ; 27 / 4,032 ( < 1 % )                        ;
; Total registers                    ; 27                                          ;
; Total pins                         ; 2 / 101 ( 2 % )                             ;
; Total virtual pins                 ; 0                                           ;
; Total memory bits                  ; 0 / 193,536 ( 0 % )                         ;
; Embedded Multiplier 9-bit elements ; 0 / 40 ( 0 % )                              ;
; Total PLLs                         ; 0 / 1 ( 0 % )                               ;
; UFM blocks                         ; 0 / 1 ( 0 % )                               ;
; ADC blocks                         ; 0 / 1 ( 0 % )                               ;
+------------------------------------+---------------------------------------------+


+-----------------------------------------+
; Flow Settings                           ;
+-------------------+---------------------+
; Option            ; Setting             ;
+-------------------+---------------------+
; Start date & time ; 06/29/2024 01:05:46 ;
; Main task         ; Compilation         ;
; Revision Name     ; Led_1               ;
+-------------------+---------------------+


+-------------------------------------------------------------------------------------------------------------------------+
; Flow Non-Default Global Settings                                                                                        ;
+-------------------------------------+----------------------------------------+---------------+-------------+------------+
; Assignment Name                     ; Value                                  ; Default Value ; Entity Name ; Section Id ;
+-------------------------------------+----------------------------------------+---------------+-------------+------------+
; COMPILER_SIGNATURE_ID               ; 162763476495693.171964114520620        ; --            ; --          ; --         ;
; MAX_CORE_JUNCTION_TEMP              ; 85                                     ; --            ; --          ; --         ;
; MIN_CORE_JUNCTION_TEMP              ; 0                                      ; --            ; --          ; --         ;
; PARTITION_COLOR                     ; -- (Not supported for targeted family) ; --            ; --          ; Top        ;
; PARTITION_FITTER_PRESERVATION_LEVEL ; -- (Not supported for targeted family) ; --            ; --          ; Top        ;
; PARTITION_NETLIST_TYPE              ; -- (Not supported for targeted family) ; --            ; --          ; Top        ;
; PROJECT_OUTPUT_DIRECTORY            ; output_files                           ; --            ; --          ; --         ;
+-------------------------------------+----------------------------------------+---------------+-------------+------------+


+--------------------------------------------------------------------------------------------------------------------------+
; Flow Elapsed Time                                                                                                        ;
+----------------------+--------------+-------------------------+---------------------+------------------------------------+
; Module Name          ; Elapsed Time ; Average Processors Used ; Peak Virtual Memory ; Total CPU Time (on all processors) ;
+----------------------+--------------+-------------------------+---------------------+------------------------------------+
; Analysis & Synthesis ; 00:00:13     ; 1.0                     ; 4856 MB             ; 00:00:08                           ;
; Fitter               ; 00:00:06     ; 1.1                     ; 6498 MB             ; 00:00:06                           ;
; Assembler            ; 00:00:01     ; 1.0                     ; 4675 MB             ; 00:00:01                           ;
; Power Analyzer       ; 00:00:03     ; 1.0                     ; 4953 MB             ; 00:00:02                           ;
; Timing Analyzer      ; 00:00:03     ; 1.1                     ; 4899 MB             ; 00:00:02                           ;
; Total                ; 00:00:26     ; --                      ; --                  ; 00:00:19                           ;
+----------------------+--------------+-------------------------+---------------------+------------------------------------+


+------------------------------------------------------------------------------------+
; Flow OS Summary                                                                    ;
+----------------------+------------------+------------+------------+----------------+
; Module Name          ; Machine Hostname ; OS Name    ; OS Version ; Processor type ;
+----------------------+------------------+------------+------------+----------------+
; Analysis & Synthesis ; LAPTOP-M07VDHF4  ; Windows 10 ; 10.0       ; x86_64         ;
; Fitter               ; LAPTOP-M07VDHF4  ; Windows 10 ; 10.0       ; x86_64         ;
; Assembler            ; LAPTOP-M07VDHF4  ; Windows 10 ; 10.0       ; x86_64         ;
; Power Analyzer       ; LAPTOP-M07VDHF4  ; Windows 10 ; 10.0       ; x86_64         ;
; Timing Analyzer      ; LAPTOP-M07VDHF4  ; Windows 10 ; 10.0       ; x86_64         ;
+----------------------+------------------+------------+------------+----------------+


------------
; Flow Log ;
------------
quartus_map --read_settings_files=on --write_settings_files=off Led_1 -c Led_1
quartus_fit --read_settings_files=off --write_settings_files=off Led_1 -c Led_1
quartus_asm --read_settings_files=off --write_settings_files=off Led_1 -c Led_1
quartus_pow --read_settings_files=off --write_settings_files=off Led_1 -c Led_1
quartus_sta Led_1 -c Led_1



